TN:
SF:controllers\appointmentController.js
FN:4,(anonymous_0)
FN:27,(anonymous_1)
FN:37,(anonymous_2)
FN:54,(anonymous_3)
FN:77,(anonymous_4)
FNF:5
FNH:5
FNDA:2,(anonymous_0)
FNDA:1,(anonymous_1)
FNDA:2,(anonymous_2)
FNDA:1,(anonymous_3)
FNDA:2,(anonymous_4)
DA:1,2
DA:4,2
DA:5,2
DA:6,2
DA:7,2
DA:9,2
DA:10,2
DA:20,1
DA:22,1
DA:27,2
DA:28,1
DA:29,1
DA:30,1
DA:32,0
DA:37,2
DA:38,2
DA:40,2
DA:41,2
DA:43,2
DA:44,1
DA:47,1
DA:49,0
DA:54,2
DA:55,1
DA:56,1
DA:57,1
DA:58,1
DA:59,1
DA:60,1
DA:61,0
DA:64,1
DA:66,1
DA:67,1
DA:72,0
DA:77,2
DA:78,2
DA:80,2
DA:81,2
DA:82,2
DA:84,2
DA:86,2
DA:87,1
DA:90,1
DA:92,1
DA:94,0
DA:98,2
LF:46
LH:41
BRDA:43,0,0,1
BRDA:43,0,1,1
BRDA:60,1,0,0
BRDA:60,1,1,1
BRDA:82,2,0,0
BRDA:82,2,1,2
BRDA:86,3,0,1
BRDA:86,3,1,1
BRF:8
BRH:6
end_of_record
TN:
SF:controllers\serviceController.js
FN:4,(anonymous_0)
FN:21,(anonymous_1)
FN:32,(anonymous_2)
FN:49,(anonymous_3)
FN:73,(anonymous_4)
FNF:5
FNH:5
FNDA:1,(anonymous_0)
FNDA:1,(anonymous_1)
FNDA:2,(anonymous_2)
FNDA:1,(anonymous_3)
FNDA:2,(anonymous_4)
DA:1,2
DA:4,2
DA:5,1
DA:7,1
DA:8,1
DA:14,1
DA:16,0
DA:21,2
DA:22,1
DA:23,1
DA:24,1
DA:25,1
DA:27,0
DA:32,2
DA:33,2
DA:35,2
DA:36,2
DA:38,2
DA:39,1
DA:42,1
DA:44,0
DA:49,2
DA:50,1
DA:51,1
DA:53,1
DA:54,1
DA:56,1
DA:57,0
DA:60,1
DA:61,1
DA:62,1
DA:64,1
DA:66,1
DA:68,0
DA:73,2
DA:74,2
DA:76,2
DA:77,2
DA:79,2
DA:80,1
DA:83,1
DA:85,1
DA:87,0
DA:91,2
LF:44
LH:38
BRDA:38,0,0,1
BRDA:38,0,1,1
BRDA:56,1,0,0
BRDA:56,1,1,1
BRDA:79,2,0,1
BRDA:79,2,1,1
BRF:6
BRH:5
end_of_record
TN:
SF:controllers\userController.js
FN:10,(anonymous_0)
FN:24,(anonymous_1)
FN:40,(anonymous_2)
FN:92,(anonymous_3)
FN:124,(anonymous_4)
FN:146,(anonymous_5)
FN:187,(anonymous_6)
FN:201,(anonymous_7)
FN:211,(anonymous_8)
FN:240,(anonymous_9)
FN:268,(anonymous_10)
FNF:11
FNH:0
FNDA:0,(anonymous_0)
FNDA:0,(anonymous_1)
FNDA:0,(anonymous_2)
FNDA:0,(anonymous_3)
FNDA:0,(anonymous_4)
FNDA:0,(anonymous_5)
FNDA:0,(anonymous_6)
FNDA:0,(anonymous_7)
FNDA:0,(anonymous_8)
FNDA:0,(anonymous_9)
FNDA:0,(anonymous_10)
DA:1,2
DA:2,2
DA:3,2
DA:4,2
DA:5,2
DA:6,2
DA:10,2
DA:11,0
DA:12,0
DA:13,0
DA:14,0
DA:15,0
DA:16,0
DA:18,0
DA:19,0
DA:21,0
DA:24,2
DA:25,0
DA:26,0
DA:27,0
DA:28,0
DA:29,0
DA:32,0
DA:33,0
DA:35,0
DA:36,0
DA:40,2
DA:41,0
DA:42,0
DA:43,0
DA:44,0
DA:45,0
DA:50,0
DA:51,0
DA:57,0
DA:58,0
DA:63,0
DA:64,0
DA:66,0
DA:75,0
DA:81,0
DA:86,0
DA:87,0
DA:92,2
DA:93,0
DA:94,0
DA:96,0
DA:97,0
DA:99,0
DA:100,0
DA:103,0
DA:104,0
DA:106,0
DA:107,0
DA:110,0
DA:116,0
DA:118,0
DA:119,0
DA:124,2
DA:125,0
DA:127,0
DA:128,0
DA:130,0
DA:131,0
DA:134,0
DA:135,0
DA:137,0
DA:139,0
DA:141,0
DA:146,2
DA:147,0
DA:149,0
DA:151,0
DA:152,0
DA:154,0
DA:155,0
DA:159,0
DA:160,0
DA:165,0
DA:166,0
DA:169,0
DA:170,0
DA:171,0
DA:174,0
DA:175,0
DA:176,0
DA:178,0
DA:180,0
DA:182,0
DA:187,2
DA:188,0
DA:189,0
DA:201,0
DA:203,0
DA:205,0
DA:206,0
DA:211,2
DA:212,0
DA:213,0
DA:214,0
DA:221,0
DA:229,0
DA:235,0
DA:240,2
DA:241,0
DA:243,0
DA:244,0
DA:246,0
DA:247,0
DA:251,0
DA:252,0
DA:253,0
DA:254,0
DA:260,0
DA:261,0
DA:263,0
DA:268,2
DA:269,0
DA:270,0
DA:272,0
DA:273,0
DA:275,0
DA:276,0
DA:280,0
DA:281,0
DA:282,0
DA:283,0
DA:287,0
DA:288,0
DA:290,0
DA:292,0
DA:293,0
DA:297,2
LF:133
LH:17
BRDA:44,0,0,0
BRDA:44,0,1,0
BRDA:44,1,0,0
BRDA:44,1,1,0
BRDA:44,1,2,0
BRDA:44,1,3,0
BRDA:44,1,4,0
BRDA:57,2,0,0
BRDA:57,2,1,0
BRDA:72,3,0,0
BRDA:72,3,1,0
BRDA:99,4,0,0
BRDA:99,4,1,0
BRDA:106,5,0,0
BRDA:106,5,1,0
BRDA:130,6,0,0
BRDA:130,6,1,0
BRDA:154,7,0,0
BRDA:154,7,1,0
BRDA:159,8,0,0
BRDA:159,8,1,0
BRDA:159,9,0,0
BRDA:159,9,1,0
BRDA:165,10,0,0
BRDA:165,10,1,0
BRDA:174,11,0,0
BRDA:174,11,1,0
BRDA:175,12,0,0
BRDA:175,12,1,0
BRDA:176,13,0,0
BRDA:176,13,1,0
BRDA:246,14,0,0
BRDA:246,14,1,0
BRDA:251,15,0,0
BRDA:251,15,1,0
BRDA:253,16,0,0
BRDA:253,16,1,0
BRDA:275,17,0,0
BRDA:275,17,1,0
BRDA:280,18,0,0
BRDA:280,18,1,0
BRDA:280,19,0,0
BRDA:280,19,1,0
BRDA:282,20,0,0
BRDA:282,20,1,0
BRF:45
BRH:0
end_of_record
TN:
SF:models\Appointment.js
FN:52,(anonymous_0)
FN:53,(anonymous_1)
FNF:2
FNH:0
FNDA:0,(anonymous_0)
FNDA:0,(anonymous_1)
DA:1,2
DA:2,2
DA:4,2
DA:51,2
DA:52,0
DA:53,0
DA:55,2
LF:7
LH:5
BRF:0
BRH:0
end_of_record
TN:
SF:models\Service.js
FN:35,(anonymous_0)
FN:36,(anonymous_1)
FNF:2
FNH:0
FNDA:0,(anonymous_0)
FNDA:0,(anonymous_1)
DA:1,2
DA:2,2
DA:4,2
DA:34,2
DA:35,0
DA:36,0
DA:38,2
LF:7
LH:5
BRF:0
BRH:0
end_of_record
TN:
SF:models\User.js
FN:50,(anonymous_0)
FN:51,(anonymous_1)
FNF:2
FNH:1
FNDA:0,(anonymous_0)
FNDA:1,(anonymous_1)
DA:1,3
DA:2,3
DA:4,3
DA:49,3
DA:50,0
DA:51,1
DA:53,3
LF:7
LH:6
BRF:0
BRH:0
end_of_record
TN:
SF:routes\appointmentRoutes.js
FNF:0
FNH:0
DA:1,2
DA:2,2
DA:3,2
DA:4,2
DA:5,2
DA:8,2
DA:9,2
DA:15,2
DA:16,2
DA:17,2
DA:18,2
DA:25,2
LF:12
LH:12
BRF:0
BRH:0
end_of_record
TN:
SF:routes\serviceRoutes.js
FNF:0
FNH:0
DA:1,2
DA:2,2
DA:3,2
DA:4,2
DA:5,2
DA:8,2
DA:9,2
DA:10,2
DA:11,2
DA:12,2
DA:14,2
LF:11
LH:11
BRF:0
BRH:0
end_of_record
TN:
SF:routes\userRoutes.js
FN:24,(anonymous_0)
FNF:1
FNH:0
FNDA:0,(anonymous_0)
DA:1,2
DA:2,2
DA:3,2
DA:4,2
DA:5,2
DA:8,2
DA:9,2
DA:10,2
DA:11,2
DA:14,2
DA:15,2
DA:22,2
DA:24,2
DA:25,0
DA:27,2
DA:33,2
DA:40,2
DA:47,2
LF:18
LH:17
BRF:0
BRH:0
end_of_record
